Determining if the pthread_create exist failed with the following output:
Change Dir: /home/arar/Documents/rectbot_ws/build/CMakeFiles/CMakeTmp

Run Build Command:"/usr/bin/make" "cmTC_743ee/fast"
/usr/bin/make -f CMakeFiles/cmTC_743ee.dir/build.make CMakeFiles/cmTC_743ee.dir/build
make[1]: Entering directory '/home/arar/Documents/rectbot_ws/build/CMakeFiles/CMakeTmp'
Building C object CMakeFiles/cmTC_743ee.dir/CheckSymbolExists.c.o
/usr/bin/cc    -o CMakeFiles/cmTC_743ee.dir/CheckSymbolExists.c.o   -c /home/arar/Documents/rectbot_ws/build/CMakeFiles/CMakeTmp/CheckSymbolExists.c
Linking C executable cmTC_743ee
/usr/bin/cmake -E cmake_link_script CMakeFiles/cmTC_743ee.dir/link.txt --verbose=1
/usr/bin/cc      -rdynamic CMakeFiles/cmTC_743ee.dir/CheckSymbolExists.c.o  -o cmTC_743ee 
CMakeFiles/cmTC_743ee.dir/CheckSymbolExists.c.o: In function `main':
CheckSymbolExists.c:(.text+0x14): undefined reference to `pthread_create'
CheckSymbolExists.c:(.text+0x18): undefined reference to `pthread_create'
collect2: error: ld returned 1 exit status
CMakeFiles/cmTC_743ee.dir/build.make:97: recipe for target 'cmTC_743ee' failed
make[1]: *** [cmTC_743ee] Error 1
make[1]: Leaving directory '/home/arar/Documents/rectbot_ws/build/CMakeFiles/CMakeTmp'
Makefile:126: recipe for target 'cmTC_743ee/fast' failed
make: *** [cmTC_743ee/fast] Error 2

File /home/arar/Documents/rectbot_ws/build/CMakeFiles/CMakeTmp/CheckSymbolExists.c:
/* */
#include <pthread.h>

int main(int argc, char** argv)
{
  (void)argv;
#ifndef pthread_create
  return ((int*)(&pthread_create))[argc];
#else
  (void)argc;
  return 0;
#endif
}

Determining if the function pthread_create exists in the pthreads failed with the following output:
Change Dir: /home/arar/Documents/rectbot_ws/build/CMakeFiles/CMakeTmp

Run Build Command:"/usr/bin/make" "cmTC_d09c7/fast"
/usr/bin/make -f CMakeFiles/cmTC_d09c7.dir/build.make CMakeFiles/cmTC_d09c7.dir/build
make[1]: Entering directory '/home/arar/Documents/rectbot_ws/build/CMakeFiles/CMakeTmp'
Building C object CMakeFiles/cmTC_d09c7.dir/CheckFunctionExists.c.o
/usr/bin/cc   -DCHECK_FUNCTION_EXISTS=pthread_create   -o CMakeFiles/cmTC_d09c7.dir/CheckFunctionExists.c.o   -c /usr/share/cmake-3.10/Modules/CheckFunctionExists.c
Linking C executable cmTC_d09c7
/usr/bin/cmake -E cmake_link_script CMakeFiles/cmTC_d09c7.dir/link.txt --verbose=1
/usr/bin/cc  -DCHECK_FUNCTION_EXISTS=pthread_create    -rdynamic CMakeFiles/cmTC_d09c7.dir/CheckFunctionExists.c.o  -o cmTC_d09c7 -lpthreads 
/usr/bin/ld: cannot find -lpthreads
collect2: error: ld returned 1 exit status
CMakeFiles/cmTC_d09c7.dir/build.make:97: recipe for target 'cmTC_d09c7' failed
make[1]: *** [cmTC_d09c7] Error 1
make[1]: Leaving directory '/home/arar/Documents/rectbot_ws/build/CMakeFiles/CMakeTmp'
Makefile:126: recipe for target 'cmTC_d09c7/fast' failed
make: *** [cmTC_d09c7/fast] Error 2


Determining if the pthread_create exist failed with the following output:
Change Dir: /home/arar/Documents/rectbot_ws/build/CMakeFiles/CMakeTmp

Run Build Command:"/usr/bin/make" "cmTC_039fb/fast"
/usr/bin/make -f CMakeFiles/cmTC_039fb.dir/build.make CMakeFiles/cmTC_039fb.dir/build
make[1]: Entering directory '/home/arar/Documents/rectbot_ws/build/CMakeFiles/CMakeTmp'
Building C object CMakeFiles/cmTC_039fb.dir/CheckSymbolExists.c.o
/usr/bin/cc    -o CMakeFiles/cmTC_039fb.dir/CheckSymbolExists.c.o   -c /home/arar/Documents/rectbot_ws/build/CMakeFiles/CMakeTmp/CheckSymbolExists.c
Linking C executable cmTC_039fb
/usr/bin/cmake -E cmake_link_script CMakeFiles/cmTC_039fb.dir/link.txt --verbose=1
/usr/bin/cc      -rdynamic CMakeFiles/cmTC_039fb.dir/CheckSymbolExists.c.o  -o cmTC_039fb 
CMakeFiles/cmTC_039fb.dir/CheckSymbolExists.c.o: In function `main':
CheckSymbolExists.c:(.text+0x14): undefined reference to `pthread_create'
CheckSymbolExists.c:(.text+0x18): undefined reference to `pthread_create'
collect2: error: ld returned 1 exit status
CMakeFiles/cmTC_039fb.dir/build.make:97: recipe for target 'cmTC_039fb' failed
make[1]: *** [cmTC_039fb] Error 1
make[1]: Leaving directory '/home/arar/Documents/rectbot_ws/build/CMakeFiles/CMakeTmp'
Makefile:126: recipe for target 'cmTC_039fb/fast' failed
make: *** [cmTC_039fb/fast] Error 2

File /home/arar/Documents/rectbot_ws/build/CMakeFiles/CMakeTmp/CheckSymbolExists.c:
/* */
#include <pthread.h>

int main(int argc, char** argv)
{
  (void)argv;
#ifndef pthread_create
  return ((int*)(&pthread_create))[argc];
#else
  (void)argc;
  return 0;
#endif
}

Determining if the function pthread_create exists in the pthreads failed with the following output:
Change Dir: /home/arar/Documents/rectbot_ws/build/CMakeFiles/CMakeTmp

Run Build Command:"/usr/bin/make" "cmTC_de7ce/fast"
/usr/bin/make -f CMakeFiles/cmTC_de7ce.dir/build.make CMakeFiles/cmTC_de7ce.dir/build
make[1]: Entering directory '/home/arar/Documents/rectbot_ws/build/CMakeFiles/CMakeTmp'
Building C object CMakeFiles/cmTC_de7ce.dir/CheckFunctionExists.c.o
/usr/bin/cc   -DCHECK_FUNCTION_EXISTS=pthread_create   -o CMakeFiles/cmTC_de7ce.dir/CheckFunctionExists.c.o   -c /usr/share/cmake-3.10/Modules/CheckFunctionExists.c
Linking C executable cmTC_de7ce
/usr/bin/cmake -E cmake_link_script CMakeFiles/cmTC_de7ce.dir/link.txt --verbose=1
/usr/bin/cc  -DCHECK_FUNCTION_EXISTS=pthread_create    -rdynamic CMakeFiles/cmTC_de7ce.dir/CheckFunctionExists.c.o  -o cmTC_de7ce -lpthreads 
/usr/bin/ld: cannot find -lpthreads
collect2: error: ld returned 1 exit status
CMakeFiles/cmTC_de7ce.dir/build.make:97: recipe for target 'cmTC_de7ce' failed
make[1]: *** [cmTC_de7ce] Error 1
make[1]: Leaving directory '/home/arar/Documents/rectbot_ws/build/CMakeFiles/CMakeTmp'
Makefile:126: recipe for target 'cmTC_de7ce/fast' failed
make: *** [cmTC_de7ce/fast] Error 2


